<?xml version="1.0" encoding="UTF-8"?>
<!-- Generated by org.testng.reporters.JUnitReportReporter -->
<testsuite hostname="Saajidh-Nawwar" failures="0" tests="3" name="rahulshettyacademy.Tests.SubmitOrderTest" time="47.327" errors="0" timestamp="2026-02-05T10:48:44 IST" skipped="0">
  <testcase classname="rahulshettyacademy.Tests.SubmitOrderTest" name="OrderHistoryTest" time="6.638"/>
  <testcase classname="rahulshettyacademy.Tests.SubmitOrderTest" name="submitOrder" time="20.369"/>
  <testcase classname="rahulshettyacademy.Tests.SubmitOrderTest" name="submitOrder" time="20.320"/>
</testsuite> <!-- rahulshettyacademy.Tests.SubmitOrderTest -->
