<?xml version="1.0" encoding="UTF-8"?>
<!-- Generated by org.testng.reporters.JUnitReportReporter -->
<testsuite hostname="Saajidh-Nawwar" failures="0" tests="1" name="Cucumber.TestNGTestRunner" time="10.407" errors="1" timestamp="2026-02-11T22:04:27 IST" skipped="0">
  <testcase classname="Cucumber.TestNGTestRunner" name="runScenario" time="10.407">
    <error message="The step &#039;&quot; Thankyou for the order. &quot; message is displayed on Confirmation Page&#039; is undefined.
You can implement this step using the snippet(s) below:

@Then(&quot;{string} message is displayed on Confirmation Page&quot;)
public void message_is_displayed_on_confirmation_page(String string) {
    // Write code here that turns the phrase above into concrete actions
    throw new io.cucumber.java.PendingException();
}
" type="io.cucumber.testng.UndefinedStepException">
      <![CDATA[io.cucumber.testng.UndefinedStepException: The step '" Thankyou for the order. " message is displayed on Confirmation Page' is undefined.
You can implement this step using the snippet(s) below:

@Then("{string} message is displayed on Confirmation Page")
public void message_is_displayed_on_confirmation_page(String string) {
    // Write code here that turns the phrase above into concrete actions
    throw new io.cucumber.java.PendingException();
}

at âœ½." Thankyou for the order. " message is displayed on Confirmation Page(file:///C:/Users/AVE-LP-25/eclipse-workspace/SeleniumFrameworkDesign/src/test/java/cucumber/SubmitOrder.feature:14)
]]>
    </error>
  </testcase> <!-- runScenario -->
</testsuite> <!-- Cucumber.TestNGTestRunner -->
